[debug] [2026-02-09T06:28:17.726Z] ----------------------------------------------------------------------
[debug] [2026-02-09T06:28:17.728Z] Command:       C:\Program Files\nodejs\node.exe C:\Users\suao-\AppData\Roaming\npm\node_modules\firebase-tools\lib\bin\firebase.js deploy --only functions:createCheckoutSession
[debug] [2026-02-09T06:28:17.728Z] CLI Version:   15.5.1
[debug] [2026-02-09T06:28:17.729Z] Platform:      win32
[debug] [2026-02-09T06:28:17.729Z] Node Version:  v24.13.0
[debug] [2026-02-09T06:28:17.729Z] Time:          Sun Feb 08 2026 22:28:17 GMT-0800 (Pacific Standard Time)
[debug] [2026-02-09T06:28:17.729Z] ----------------------------------------------------------------------
[debug] 
[debug] [2026-02-09T06:28:19.460Z] > command requires scopes: ["email","openid","https://www.googleapis.com/auth/cloudplatformprojects.readonly","https://www.googleapis.com/auth/firebase","https://www.googleapis.com/auth/cloud-platform"]
[debug] [2026-02-09T06:28:19.460Z] > authorizing via signed-in user (jrborges52@gmail.com)
[debug] [2026-02-09T06:28:19.460Z] [iam] checking project simpletcf for permissions ["cloudfunctions.functions.create","cloudfunctions.functions.delete","cloudfunctions.functions.get","cloudfunctions.functions.list","cloudfunctions.functions.update","cloudfunctions.operations.get","firebase.projects.get"]
[debug] [2026-02-09T06:28:19.461Z] Checked if tokens are valid: true, expires at: 1770621926509
[debug] [2026-02-09T06:28:19.462Z] Checked if tokens are valid: true, expires at: 1770621926509
[debug] [2026-02-09T06:28:19.462Z] >>> [apiv2][query] POST https://cloudresourcemanager.googleapis.com/v1/projects/simpletcf:testIamPermissions [none]
[debug] [2026-02-09T06:28:19.462Z] >>> [apiv2][(partial)header] POST https://cloudresourcemanager.googleapis.com/v1/projects/simpletcf:testIamPermissions  x-goog-user-project=simpletcf
[debug] [2026-02-09T06:28:19.462Z] >>> [apiv2][body] POST https://cloudresourcemanager.googleapis.com/v1/projects/simpletcf:testIamPermissions {"permissions":["cloudfunctions.functions.create","cloudfunctions.functions.delete","cloudfunctions.functions.get","cloudfunctions.functions.list","cloudfunctions.functions.update","cloudfunctions.operations.get","firebase.projects.get"]}
[debug] [2026-02-09T06:28:19.590Z] <<< [apiv2][status] POST https://cloudresourcemanager.googleapis.com/v1/projects/simpletcf:testIamPermissions 200
[debug] [2026-02-09T06:28:19.591Z] <<< [apiv2][body] POST https://cloudresourcemanager.googleapis.com/v1/projects/simpletcf:testIamPermissions {"permissions":["cloudfunctions.functions.create","cloudfunctions.functions.delete","cloudfunctions.functions.get","cloudfunctions.functions.list","cloudfunctions.functions.update","cloudfunctions.operations.get","firebase.projects.get"]}
[debug] [2026-02-09T06:28:19.591Z] Checked if tokens are valid: true, expires at: 1770621926509
[debug] [2026-02-09T06:28:19.591Z] Checked if tokens are valid: true, expires at: 1770621926509
[debug] [2026-02-09T06:28:19.591Z] >>> [apiv2][query] POST https://iam.googleapis.com/v1/projects/simpletcf/serviceAccounts/simpletcf@appspot.gserviceaccount.com:testIamPermissions [none]
[debug] [2026-02-09T06:28:19.591Z] >>> [apiv2][body] POST https://iam.googleapis.com/v1/projects/simpletcf/serviceAccounts/simpletcf@appspot.gserviceaccount.com:testIamPermissions {"permissions":["iam.serviceAccounts.actAs"]}
[debug] [2026-02-09T06:28:19.739Z] <<< [apiv2][status] POST https://iam.googleapis.com/v1/projects/simpletcf/serviceAccounts/simpletcf@appspot.gserviceaccount.com:testIamPermissions 200
[debug] [2026-02-09T06:28:19.739Z] <<< [apiv2][body] POST https://iam.googleapis.com/v1/projects/simpletcf/serviceAccounts/simpletcf@appspot.gserviceaccount.com:testIamPermissions {"permissions":["iam.serviceAccounts.actAs"]}
[info] 
[info] === Deploying to 'simpletcf'...
[info] 
[info] i  deploying functions 
[info] Running command: npm --prefix "$RESOURCE_DIR" run lint
[info] +  functions: Finished running predeploy script. 
[debug] [2026-02-09T06:28:20.907Z] Checked if tokens are valid: true, expires at: 1770621926509
[debug] [2026-02-09T06:28:20.907Z] Checked if tokens are valid: true, expires at: 1770621926509
[debug] [2026-02-09T06:28:20.907Z] >>> [apiv2][query] GET https://cloudresourcemanager.googleapis.com/v1/projects/simpletcf [none]
[debug] [2026-02-09T06:28:21.008Z] <<< [apiv2][status] GET https://cloudresourcemanager.googleapis.com/v1/projects/simpletcf 200
[debug] [2026-02-09T06:28:21.008Z] <<< [apiv2][body] GET https://cloudresourcemanager.googleapis.com/v1/projects/simpletcf {"projectNumber":"233851428734","projectId":"simpletcf","lifecycleState":"ACTIVE","name":"simpleTCF","labels":{"firebase":"enabled","firebase-core":"disabled"},"createTime":"2025-10-28T20:08:14.056726Z"}
[info] i  functions: preparing codebase default for deployment 
[info] i  functions: ensuring required API cloudfunctions.googleapis.com is enabled... 
[info] i  functions: ensuring required API cloudbuild.googleapis.com is enabled... 
[info] i  artifactregistry: ensuring required API artifactregistry.googleapis.com is enabled... 
[debug] [2026-02-09T06:28:21.011Z] Checked if tokens are valid: true, expires at: 1770621926509
[debug] [2026-02-09T06:28:21.011Z] Checked if tokens are valid: true, expires at: 1770621926509
[debug] [2026-02-09T06:28:21.011Z] >>> [apiv2][query] GET https://firebase.googleapis.com/v1beta1/projects/simpletcf/adminSdkConfig [none]
[debug] [2026-02-09T06:28:21.426Z] <<< [apiv2][status] GET https://firebase.googleapis.com/v1beta1/projects/simpletcf/adminSdkConfig 200
[debug] [2026-02-09T06:28:21.426Z] <<< [apiv2][body] GET https://firebase.googleapis.com/v1beta1/projects/simpletcf/adminSdkConfig {"projectId":"simpletcf","storageBucket":"simpletcf.firebasestorage.app"}
[debug] [2026-02-09T06:28:21.428Z] Validating nodejs source
[debug] [2026-02-09T06:28:22.184Z] > [functions] package.json contents: {
  "name": "functions",
  "description": "Cloud Functions for Firebase",
  "scripts": {
    "lint": "eslint .",
    "serve": "firebase emulators:start --only functions",
    "shell": "firebase functions:shell",
    "start": "npm run shell",
    "deploy": "firebase deploy --only functions",
    "logs": "firebase functions:log"
  },
  "engines": {
    "node": "24"
  },
  "main": "index.js",
  "dependencies": {
    "firebase-admin": "^13.6.0",
    "firebase-functions": "^7.0.0",
    "stripe": "^20.3.1"
  },
  "devDependencies": {
    "eslint": "^8.15.0",
    "eslint-config-google": "^0.14.0",
    "firebase-functions-test": "^3.4.1"
  },
  "private": true
}
[debug] [2026-02-09T06:28:22.184Z] Building nodejs source
[info] i  functions: Loading and analyzing source code for codebase default to determine what to deploy 
[debug] [2026-02-09T06:28:22.186Z] Could not find functions.yaml. Must use http discovery
[debug] [2026-02-09T06:28:22.194Z] Found firebase-functions binary at 'D:\simpletcf\functions\node_modules\.bin\firebase-functions'
[info] Serving at port 8236

[debug] [2026-02-09T06:28:23.001Z] Got response from /__/functions.yaml {"endpoints":{"createCheckoutSession":{"availableMemoryMb":null,"timeoutSeconds":null,"minInstances":null,"maxInstances":null,"ingressSettings":null,"concurrency":null,"serviceAccountEmail":null,"vpc":null,"platform":"gcfv2","secretEnvironmentVariables":[{"key":"STRIPE_SECRET_KEY"}],"labels":{},"httpsTrigger":{},"entryPoint":"createCheckoutSession"},"stripeWebhook":{"availableMemoryMb":null,"timeoutSeconds":null,"minInstances":null,"maxInstances":null,"ingressSettings":null,"concurrency":null,"serviceAccountEmail":null,"vpc":null,"platform":"gcfv2","secretEnvironmentVariables":[{"key":"STRIPE_SECRET_KEY"},{"key":"STRIPE_WEBHOOK_SECRET"}],"labels":{},"httpsTrigger":{},"entryPoint":"stripeWebhook"}},"specVersion":"v1alpha1","requiredAPIs":[],"extensions":{},"params":[{"type":"secret","name":"STRIPE_SECRET_KEY"},{"type":"secret","name":"STRIPE_WEBHOOK_SECRET"}]}
[info] i  extensions: ensuring required API firebaseextensions.googleapis.com is enabled... 
[debug] [2026-02-09T06:28:27.040Z] > command requires scopes: ["email","openid","https://www.googleapis.com/auth/cloudplatformprojects.readonly","https://www.googleapis.com/auth/firebase","https://www.googleapis.com/auth/cloud-platform"]
[debug] [2026-02-09T06:28:27.040Z] > authorizing via signed-in user (jrborges52@gmail.com)
[debug] [2026-02-09T06:28:27.040Z] [iam] checking project simpletcf for permissions ["firebase.projects.get","firebaseextensions.instances.list"]
[debug] [2026-02-09T06:28:27.040Z] Checked if tokens are valid: true, expires at: 1770621926509
[debug] [2026-02-09T06:28:27.040Z] Checked if tokens are valid: true, expires at: 1770621926509
[debug] [2026-02-09T06:28:27.040Z] >>> [apiv2][query] POST https://cloudresourcemanager.googleapis.com/v1/projects/simpletcf:testIamPermissions [none]
[debug] [2026-02-09T06:28:27.040Z] >>> [apiv2][(partial)header] POST https://cloudresourcemanager.googleapis.com/v1/projects/simpletcf:testIamPermissions  x-goog-user-project=simpletcf
[debug] [2026-02-09T06:28:27.040Z] >>> [apiv2][body] POST https://cloudresourcemanager.googleapis.com/v1/projects/simpletcf:testIamPermissions {"permissions":["firebase.projects.get","firebaseextensions.instances.list"]}
[debug] [2026-02-09T06:28:27.114Z] <<< [apiv2][status] POST https://cloudresourcemanager.googleapis.com/v1/projects/simpletcf:testIamPermissions 200
[debug] [2026-02-09T06:28:27.114Z] <<< [apiv2][body] POST https://cloudresourcemanager.googleapis.com/v1/projects/simpletcf:testIamPermissions {"permissions":["firebase.projects.get","firebaseextensions.instances.list"]}
[debug] [2026-02-09T06:28:27.115Z] Checked if tokens are valid: true, expires at: 1770621926509
[debug] [2026-02-09T06:28:27.115Z] Checked if tokens are valid: true, expires at: 1770621926509
[debug] [2026-02-09T06:28:27.115Z] >>> [apiv2][query] GET https://firebaseextensions.googleapis.com/v1beta/projects/simpletcf/instances pageSize=100&pageToken=
[debug] [2026-02-09T06:28:27.415Z] <<< [apiv2][status] GET https://firebaseextensions.googleapis.com/v1beta/projects/simpletcf/instances 200
[debug] [2026-02-09T06:28:27.415Z] <<< [apiv2][body] GET https://firebaseextensions.googleapis.com/v1beta/projects/simpletcf/instances {}
[debug] [2026-02-09T06:28:27.416Z] Checked if tokens are valid: true, expires at: 1770621926509
[debug] [2026-02-09T06:28:27.416Z] Checked if tokens are valid: true, expires at: 1770621926509
[debug] [2026-02-09T06:28:27.416Z] >>> [apiv2][query] GET https://secretmanager.googleapis.com/v1/projects/simpletcf/secrets/STRIPE_SECRET_KEY [none]
[debug] [2026-02-09T06:28:27.560Z] <<< [apiv2][status] GET https://secretmanager.googleapis.com/v1/projects/simpletcf/secrets/STRIPE_SECRET_KEY 200
[debug] [2026-02-09T06:28:27.560Z] <<< [apiv2][body] GET https://secretmanager.googleapis.com/v1/projects/simpletcf/secrets/STRIPE_SECRET_KEY {"name":"projects/233851428734/secrets/STRIPE_SECRET_KEY","replication":{"automatic":{}},"createTime":"2026-02-09T05:41:07.889545Z","labels":{"firebase-managed":"functions"},"etag":"\"164a5d95ef9122\""}
[debug] [2026-02-09T06:28:27.561Z] Checked if tokens are valid: true, expires at: 1770621926509
[debug] [2026-02-09T06:28:27.561Z] Checked if tokens are valid: true, expires at: 1770621926509
[debug] [2026-02-09T06:28:27.561Z] >>> [apiv2][query] GET https://secretmanager.googleapis.com/v1/projects/simpletcf/secrets/STRIPE_SECRET_KEY/versions/latest [none]
[debug] [2026-02-09T06:28:27.642Z] <<< [apiv2][status] GET https://secretmanager.googleapis.com/v1/projects/simpletcf/secrets/STRIPE_SECRET_KEY/versions/latest 200
[debug] [2026-02-09T06:28:27.642Z] <<< [apiv2][body] GET https://secretmanager.googleapis.com/v1/projects/simpletcf/secrets/STRIPE_SECRET_KEY/versions/latest {"name":"projects/233851428734/secrets/STRIPE_SECRET_KEY/versions/4","createTime":"2026-02-09T06:27:37.945854Z","state":"ENABLED","replicationStatus":{"automatic":{}},"etag":"\"164a5e3c37f6fe\""}
[debug] [2026-02-09T06:28:27.642Z] Checked if tokens are valid: true, expires at: 1770621926509
[debug] [2026-02-09T06:28:27.642Z] Checked if tokens are valid: true, expires at: 1770621926509
[debug] [2026-02-09T06:28:27.642Z] >>> [apiv2][query] GET https://secretmanager.googleapis.com/v1/projects/simpletcf/secrets/STRIPE_WEBHOOK_SECRET [none]
[debug] [2026-02-09T06:28:27.722Z] <<< [apiv2][status] GET https://secretmanager.googleapis.com/v1/projects/simpletcf/secrets/STRIPE_WEBHOOK_SECRET 200
[debug] [2026-02-09T06:28:27.722Z] <<< [apiv2][body] GET https://secretmanager.googleapis.com/v1/projects/simpletcf/secrets/STRIPE_WEBHOOK_SECRET {"name":"projects/233851428734/secrets/STRIPE_WEBHOOK_SECRET","replication":{"automatic":{}},"createTime":"2026-02-09T05:44:16.983012Z","labels":{"firebase-managed":"functions"},"etag":"\"164a5da134a914\""}
[debug] [2026-02-09T06:28:27.722Z] Checked if tokens are valid: true, expires at: 1770621926509
[debug] [2026-02-09T06:28:27.722Z] Checked if tokens are valid: true, expires at: 1770621926509
[debug] [2026-02-09T06:28:27.722Z] >>> [apiv2][query] GET https://secretmanager.googleapis.com/v1/projects/simpletcf/secrets/STRIPE_WEBHOOK_SECRET/versions/latest [none]
[debug] [2026-02-09T06:28:27.817Z] <<< [apiv2][status] GET https://secretmanager.googleapis.com/v1/projects/simpletcf/secrets/STRIPE_WEBHOOK_SECRET/versions/latest 200
[debug] [2026-02-09T06:28:27.817Z] <<< [apiv2][body] GET https://secretmanager.googleapis.com/v1/projects/simpletcf/secrets/STRIPE_WEBHOOK_SECRET/versions/latest {"name":"projects/233851428734/secrets/STRIPE_WEBHOOK_SECRET/versions/1","createTime":"2026-02-09T05:45:48.972742Z","state":"ENABLED","replicationStatus":{"automatic":{}},"etag":"\"164a5da6ac12c6\""}
[info] i  functions: preparing functions directory for uploading... 
[info] i  functions: packaged D:\simpletcf\functions (78.55 KB) for uploading 
[debug] [2026-02-09T06:28:27.849Z] Checked if tokens are valid: true, expires at: 1770621926509
[debug] [2026-02-09T06:28:27.849Z] Checked if tokens are valid: true, expires at: 1770621926509
[debug] [2026-02-09T06:28:27.849Z] >>> [apiv2][query] GET https://cloudfunctions.googleapis.com/v1/projects/simpletcf/locations/-/functions [none]
[debug] [2026-02-09T06:28:28.304Z] <<< [apiv2][status] GET https://cloudfunctions.googleapis.com/v1/projects/simpletcf/locations/-/functions 200
[debug] [2026-02-09T06:28:28.305Z] <<< [apiv2][body] GET https://cloudfunctions.googleapis.com/v1/projects/simpletcf/locations/-/functions {}
[debug] [2026-02-09T06:28:28.305Z] Checked if tokens are valid: true, expires at: 1770621926509
[debug] [2026-02-09T06:28:28.305Z] Checked if tokens are valid: true, expires at: 1770621926509
[debug] [2026-02-09T06:28:28.305Z] >>> [apiv2][query] GET https://cloudfunctions.googleapis.com/v2/projects/simpletcf/locations/-/functions filter=environment%3D%22GEN_2%22
[debug] [2026-02-09T06:28:28.907Z] <<< [apiv2][status] GET https://cloudfunctions.googleapis.com/v2/projects/simpletcf/locations/-/functions 200
[debug] [2026-02-09T06:28:28.907Z] <<< [apiv2][body] GET https://cloudfunctions.googleapis.com/v2/projects/simpletcf/locations/-/functions {"functions":[{"name":"projects/simpletcf/locations/us-central1/functions/stripeWebhook","buildConfig":{"build":"projects/233851428734/locations/us-central1/builds/3444c6b4-cc0e-437f-b739-eb678bff438e","runtime":"nodejs24","entryPoint":"stripeWebhook","source":{"storageSource":{"bucket":"gcf-v2-sources-233851428734-us-central1","object":"stripeWebhook/function-source.zip","generation":"1770618387739330"}},"environmentVariables":{"GOOGLE_NODE_RUN_SCRIPTS":""},"dockerRepository":"projects/simpletcf/locations/us-central1/repositories/gcf-artifacts","sourceProvenance":{"resolvedStorageSource":{"bucket":"gcf-v2-sources-233851428734-us-central1","object":"stripeWebhook/function-source.zip","generation":"1770618387739330"}},"dockerRegistry":"ARTIFACT_REGISTRY","serviceAccount":"projects/simpletcf/serviceAccounts/233851428734-compute@developer.gserviceaccount.com","automaticUpdatePolicy":{}},"serviceConfig":{"service":"projects/simpletcf/locations/us-central1/services/stripewebhook","timeoutSeconds":60,"environmentVariables":{"FIREBASE_CONFIG":"{\"projectId\":\"simpletcf\",\"storageBucket\":\"simpletcf.firebasestorage.app\"}","GCLOUD_PROJECT":"simpletcf","EVENTARC_CLOUD_EVENT_SOURCE":"projects/simpletcf/locations/us-central1/services/stripeWebhook","FUNCTION_TARGET":"stripeWebhook","LOG_EXECUTION_ID":"true","FUNCTION_SIGNATURE_TYPE":"http"},"maxInstanceCount":20,"ingressSettings":"ALLOW_ALL","uri":"https://stripewebhook-ssv4vkml2q-uc.a.run.app","serviceAccountEmail":"233851428734-compute@developer.gserviceaccount.com","availableMemory":"256Mi","allTrafficOnLatestRevision":true,"secretEnvironmentVariables":[{"key":"STRIPE_SECRET_KEY","projectId":"simpletcf","secret":"STRIPE_SECRET_KEY","version":"3"},{"key":"STRIPE_WEBHOOK_SECRET","projectId":"simpletcf","secret":"STRIPE_WEBHOOK_SECRET","version":"1"}],"revision":"stripewebhook-00003-mus","maxInstanceRequestConcurrency":80,"availableCpu":"1"},"state":"ACTIVE","updateTime":"2026-02-09T06:26:34.734123680Z","labels":{"deployment-tool":"cli-firebase","firebase-functions-hash":"221b321df3148bbf03821b0b10321fb9559bb09e"},"environment":"GEN_2","url":"https://us-central1-simpletcf.cloudfunctions.net/stripeWebhook","createTime":"2026-02-09T05:49:47.882818735Z","satisfiesPzi":true},{"name":"projects/simpletcf/locations/us-central1/functions/createCheckoutSession","buildConfig":{"build":"projects/233851428734/locations/us-central1/builds/3444c6b4-cc0e-437f-b739-eb678bff438e","runtime":"nodejs24","entryPoint":"createCheckoutSession","source":{"storageSource":{"bucket":"gcf-v2-sources-233851428734-us-central1","object":"createCheckoutSession/function-source.zip","generation":"1770618339405291"}},"environmentVariables":{"GOOGLE_NODE_RUN_SCRIPTS":""},"dockerRepository":"projects/simpletcf/locations/us-central1/repositories/gcf-artifacts","sourceProvenance":{"resolvedStorageSource":{"bucket":"gcf-v2-sources-233851428734-us-central1","object":"createCheckoutSession/function-source.zip","generation":"1770618339405291"}},"dockerRegistry":"ARTIFACT_REGISTRY","serviceAccount":"projects/simpletcf/serviceAccounts/233851428734-compute@developer.gserviceaccount.com","automaticUpdatePolicy":{}},"serviceConfig":{"service":"projects/simpletcf/locations/us-central1/services/createcheckoutsession","timeoutSeconds":60,"environmentVariables":{"FIREBASE_CONFIG":"{\"projectId\":\"simpletcf\",\"storageBucket\":\"simpletcf.firebasestorage.app\"}","GCLOUD_PROJECT":"simpletcf","EVENTARC_CLOUD_EVENT_SOURCE":"projects/simpletcf/locations/us-central1/services/createCheckoutSession","FUNCTION_TARGET":"createCheckoutSession","LOG_EXECUTION_ID":"true"},"maxInstanceCount":20,"ingressSettings":"ALLOW_ALL","uri":"https://createcheckoutsession-ssv4vkml2q-uc.a.run.app","serviceAccountEmail":"233851428734-compute@developer.gserviceaccount.com","availableMemory":"256Mi","allTrafficOnLatestRevision":true,"secretEnvironmentVariables":[{"key":"STRIPE_SECRET_KEY","projectId":"simpletcf","secret":"STRIPE_SECRET_KEY","version":"3"}],"revision":"createcheckoutsession-00003-gof","maxInstanceRequestConcurrency":80,"availableCpu":"1"},"state":"ACTIVE","updateTime":"2026-02-09T06:26:32.644678945Z","labels":{"firebase-functions-hash":"0fa190a62fcdabf4f55016c117d23b3867968515","deployment-tool":"cli-firebase"},"environment":"GEN_2","url":"https://us-central1-simpletcf.cloudfunctions.net/createCheckoutSession","createTime":"2026-02-09T05:48:50.161725233Z","satisfiesPzi":true}]}
[info] i  functions: ensuring required API run.googleapis.com is enabled... 
[info] i  functions: ensuring required API eventarc.googleapis.com is enabled... 
[info] i  functions: ensuring required API pubsub.googleapis.com is enabled... 
[info] i  functions: ensuring required API storage.googleapis.com is enabled... 
[info] i  functions: generating the service identity for pubsub.googleapis.com... 
[debug] [2026-02-09T06:28:28.911Z] Checked if tokens are valid: true, expires at: 1770621926509
[debug] [2026-02-09T06:28:28.911Z] Checked if tokens are valid: true, expires at: 1770621926509
[info] i  functions: generating the service identity for eventarc.googleapis.com... 
[debug] [2026-02-09T06:28:28.912Z] Checked if tokens are valid: true, expires at: 1770621926509
[debug] [2026-02-09T06:28:28.912Z] Checked if tokens are valid: true, expires at: 1770621926509
[debug] [2026-02-09T06:28:28.912Z] >>> [apiv2][query] POST https://serviceusage.googleapis.com/v1beta1/projects/233851428734/services/pubsub.googleapis.com:generateServiceIdentity [none]
[debug] [2026-02-09T06:28:28.912Z] >>> [apiv2][(partial)header] POST https://serviceusage.googleapis.com/v1beta1/projects/233851428734/services/pubsub.googleapis.com:generateServiceIdentity  x-goog-user-project=233851428734
[debug] [2026-02-09T06:28:28.912Z] >>> [apiv2][body] POST https://serviceusage.googleapis.com/v1beta1/projects/233851428734/services/pubsub.googleapis.com:generateServiceIdentity {}
[debug] [2026-02-09T06:28:28.913Z] >>> [apiv2][query] POST https://serviceusage.googleapis.com/v1beta1/projects/233851428734/services/eventarc.googleapis.com:generateServiceIdentity [none]
[debug] [2026-02-09T06:28:28.913Z] >>> [apiv2][(partial)header] POST https://serviceusage.googleapis.com/v1beta1/projects/233851428734/services/eventarc.googleapis.com:generateServiceIdentity  x-goog-user-project=233851428734
[debug] [2026-02-09T06:28:28.913Z] >>> [apiv2][body] POST https://serviceusage.googleapis.com/v1beta1/projects/233851428734/services/eventarc.googleapis.com:generateServiceIdentity {}
[debug] [2026-02-09T06:28:29.172Z] <<< [apiv2][status] POST https://serviceusage.googleapis.com/v1beta1/projects/233851428734/services/pubsub.googleapis.com:generateServiceIdentity 200
[debug] [2026-02-09T06:28:29.172Z] <<< [apiv2][body] POST https://serviceusage.googleapis.com/v1beta1/projects/233851428734/services/pubsub.googleapis.com:generateServiceIdentity {"name":"operations/finished.DONE_OPERATION","done":true,"response":{"@type":"type.googleapis.com/google.api.serviceusage.v1beta1.ServiceIdentity","email":"service-233851428734@gcp-sa-pubsub.iam.gserviceaccount.com","uniqueId":"106037124225723447046"}}
[debug] [2026-02-09T06:28:29.360Z] <<< [apiv2][status] POST https://serviceusage.googleapis.com/v1beta1/projects/233851428734/services/eventarc.googleapis.com:generateServiceIdentity 200
[debug] [2026-02-09T06:28:29.360Z] <<< [apiv2][body] POST https://serviceusage.googleapis.com/v1beta1/projects/233851428734/services/eventarc.googleapis.com:generateServiceIdentity {"name":"operations/finished.DONE_OPERATION","done":true,"response":{"@type":"type.googleapis.com/google.api.serviceusage.v1beta1.ServiceIdentity","email":"service-233851428734@gcp-sa-eventarc.iam.gserviceaccount.com","uniqueId":"101081984287346490178"}}
[info] i  functions: ensuring required API secretmanager.googleapis.com is enabled... 
[debug] [2026-02-09T06:28:29.361Z] Checked if tokens are valid: true, expires at: 1770621926509
[debug] [2026-02-09T06:28:29.361Z] Checked if tokens are valid: true, expires at: 1770621926509
[debug] [2026-02-09T06:28:29.362Z] >>> [apiv2][query] GET https://secretmanager.googleapis.com/v1/projects/simpletcf/secrets/STRIPE_SECRET_KEY/versions/latest [none]
[debug] [2026-02-09T06:28:29.438Z] <<< [apiv2][status] GET https://secretmanager.googleapis.com/v1/projects/simpletcf/secrets/STRIPE_SECRET_KEY/versions/latest 200
[debug] [2026-02-09T06:28:29.438Z] <<< [apiv2][body] GET https://secretmanager.googleapis.com/v1/projects/simpletcf/secrets/STRIPE_SECRET_KEY/versions/latest {"name":"projects/233851428734/secrets/STRIPE_SECRET_KEY/versions/4","createTime":"2026-02-09T06:27:37.945854Z","state":"ENABLED","replicationStatus":{"automatic":{}},"etag":"\"164a5e3c37f6fe\""}
[debug] [2026-02-09T06:28:29.439Z] Resolved secret version of STRIPE_SECRET_KEY to 4.
[debug] [2026-02-09T06:28:29.439Z] Checked if tokens are valid: true, expires at: 1770621926509
[debug] [2026-02-09T06:28:29.440Z] Checked if tokens are valid: true, expires at: 1770621926509
[debug] [2026-02-09T06:28:29.440Z] >>> [apiv2][query] GET https://cloudresourcemanager.googleapis.com/v1/projects/simpletcf [none]
[debug] [2026-02-09T06:28:29.517Z] <<< [apiv2][status] GET https://cloudresourcemanager.googleapis.com/v1/projects/simpletcf 200
[debug] [2026-02-09T06:28:29.517Z] <<< [apiv2][body] GET https://cloudresourcemanager.googleapis.com/v1/projects/simpletcf {"projectNumber":"233851428734","projectId":"simpletcf","lifecycleState":"ACTIVE","name":"simpleTCF","labels":{"firebase":"enabled","firebase-core":"disabled"},"createTime":"2025-10-28T20:08:14.056726Z"}
[debug] [2026-02-09T06:28:29.518Z] Checked if tokens are valid: true, expires at: 1770621926509
[debug] [2026-02-09T06:28:29.518Z] Checked if tokens are valid: true, expires at: 1770621926509
[debug] [2026-02-09T06:28:29.518Z] >>> [apiv2][query] GET https://compute.googleapis.com/compute/v1/projects/233851428734 [none]
[debug] [2026-02-09T06:28:29.678Z] <<< [apiv2][status] GET https://compute.googleapis.com/compute/v1/projects/233851428734 403
[debug] [2026-02-09T06:28:29.678Z] <<< [apiv2][body] GET https://compute.googleapis.com/compute/v1/projects/233851428734 {"error":{"code":403,"message":"Compute Engine API has not been used in project 233851428734 before or it is disabled. Enable it by visiting https://console.developers.google.com/apis/api/compute.googleapis.com/overview?project=233851428734 then retry. If you enabled this API recently, wait a few minutes for the action to propagate to our systems and retry.","errors":[{"message":"Compute Engine API has not been used in project 233851428734 before or it is disabled. Enable it by visiting https://console.developers.google.com/apis/api/compute.googleapis.com/overview?project=233851428734 then retry. If you enabled this API recently, wait a few minutes for the action to propagate to our systems and retry.","domain":"usageLimits","reason":"accessNotConfigured","extendedHelp":"https://console.developers.google.com"}],"status":"PERMISSION_DENIED","details":[{"@type":"type.googleapis.com/google.rpc.ErrorInfo","reason":"SERVICE_DISABLED","domain":"googleapis.com","metadata":{"activationUrl":"https://console.developers.google.com/apis/api/compute.googleapis.com/overview?project=233851428734","containerInfo":"233851428734","serviceTitle":"Compute Engine API","consumer":"projects/233851428734","service":"compute.googleapis.com"}},{"@type":"type.googleapis.com/google.rpc.LocalizedMessage","locale":"en-US","message":"Compute Engine API has not been used in project 233851428734 before or it is disabled. Enable it by visiting https://console.developers.google.com/apis/api/compute.googleapis.com/overview?project=233851428734 then retry. If you enabled this API recently, wait a few minutes for the action to propagate to our systems and retry."},{"@type":"type.googleapis.com/google.rpc.Help","links":[{"description":"Google developers console API activation","url":"https://console.developers.google.com/apis/api/compute.googleapis.com/overview?project=233851428734"}]}]}}
[debug] [2026-02-09T06:28:29.679Z] unable to look up default compute service account. Falling back to 233851428734-compute@developer.gserviceaccount.com. Error: {"name":"FirebaseError","children":[],"context":{"body":{"error":{"code":403,"message":"Compute Engine API has not been used in project 233851428734 before or it is disabled. Enable it by visiting https://console.developers.google.com/apis/api/compute.googleapis.com/overview?project=233851428734 then retry. If you enabled this API recently, wait a few minutes for the action to propagate to our systems and retry.","errors":[{"message":"Compute Engine API has not been used in project 233851428734 before or it is disabled. Enable it by visiting https://console.developers.google.com/apis/api/compute.googleapis.com/overview?project=233851428734 then retry. If you enabled this API recently, wait a few minutes for the action to propagate to our systems and retry.","domain":"usageLimits","reason":"accessNotConfigured","extendedHelp":"https://console.developers.google.com"}],"status":"PERMISSION_DENIED","details":[{"@type":"type.googleapis.com/google.rpc.ErrorInfo","reason":"SERVICE_DISABLED","domain":"googleapis.com","metadata":{"activationUrl":"https://console.developers.google.com/apis/api/compute.googleapis.com/overview?project=233851428734","containerInfo":"233851428734","serviceTitle":"Compute Engine API","consumer":"projects/233851428734","service":"compute.googleapis.com"}},{"@type":"type.googleapis.com/google.rpc.LocalizedMessage","locale":"en-US","message":"Compute Engine API has not been used in project 233851428734 before or it is disabled. Enable it by visiting https://console.developers.google.com/apis/api/compute.googleapis.com/overview?project=233851428734 then retry. If you enabled this API recently, wait a few minutes for the action to propagate to our systems and retry."},{"@type":"type.googleapis.com/google.rpc.Help","links":[{"description":"Google developers console API activation","url":"https://console.developers.google.com/apis/api/compute.googleapis.com/overview?project=233851428734"}]}]}},"response":{"statusCode":403}},"exit":1,"message":"Request to https://compute.googleapis.com/compute/v1/projects/233851428734 had HTTP Error: 403, Compute Engine API has not been used in project 233851428734 before or it is disabled. Enable it by visiting https://console.developers.google.com/apis/api/compute.googleapis.com/overview?project=233851428734 then retry. If you enabled this API recently, wait a few minutes for the action to propagate to our systems and retry.","status":403}
[debug] [2026-02-09T06:28:29.679Z] Checked if tokens are valid: true, expires at: 1770621926509
[debug] [2026-02-09T06:28:29.679Z] Checked if tokens are valid: true, expires at: 1770621926509
[debug] [2026-02-09T06:28:29.679Z] >>> [apiv2][query] GET https://cloudbilling.googleapis.com/v1/projects/simpletcf/billingInfo [none]
[debug] [2026-02-09T06:28:30.039Z] <<< [apiv2][status] GET https://cloudbilling.googleapis.com/v1/projects/simpletcf/billingInfo 200
[debug] [2026-02-09T06:28:30.039Z] <<< [apiv2][body] GET https://cloudbilling.googleapis.com/v1/projects/simpletcf/billingInfo {"name":"projects/simpletcf/billingInfo","projectId":"simpletcf","billingAccountName":"billingAccounts/016FBE-78A7A1-0A2C3A","billingEnabled":true}
[debug] [2026-02-09T06:28:30.040Z] Checked if tokens are valid: true, expires at: 1770621926509
[debug] [2026-02-09T06:28:30.040Z] Checked if tokens are valid: true, expires at: 1770621926509
[debug] [2026-02-09T06:28:30.040Z] >>> [apiv2][query] POST https://cloudfunctions.googleapis.com/v2/projects/simpletcf/locations/us-central1/functions:generateUploadUrl [none]
[debug] [2026-02-09T06:28:30.388Z] <<< [apiv2][status] POST https://cloudfunctions.googleapis.com/v2/projects/simpletcf/locations/us-central1/functions:generateUploadUrl 200
[debug] [2026-02-09T06:28:30.388Z] <<< [apiv2][body] POST https://cloudfunctions.googleapis.com/v2/projects/simpletcf/locations/us-central1/functions:generateUploadUrl {"uploadUrl":"https://storage.googleapis.com/gcf-v2-uploads-233851428734.us-central1.cloudfunctions.appspot.com/86c78458-a549-4ff0-afde-fc5ab10dee66.zip?GoogleAccessId=service-233851428734@gcf-admin-robot.iam.gserviceaccount.com&Expires=1770620310&Signature=u%2B5mQxkv9oML63HTyPZ2DaRSi2EvtalnuU%2Ft%2FwA%2Bl72LoUo4e7AH7nMEVepRWE%2BtelYVdGBFEPcoukXdzplZuTsRA%2FVVbnzepJmVSLM3hMuS9yAX87NM77dOpxPQtQ2RaJYlm2RPk0VK9M2NqmdPPnL4Wggz32zobD04X9PSoSb1z2PGnYB87M9Eu1TqYEbH9a7uObTDw3oA0hx0Fszy8GphqFtCRAB22oBnqSEKGlfE5RLfzuIQFsyNzr3CXXIGH6Xsuhd%2BPGL5JUdN3fEckoekBx3w6JRU4DxS73m5Ri0QF8MFEwFvCWI4y7BQCk2L66RSJUP07fGAOBirTRF%2BZg%3D%3D","storageSource":{"bucket":"gcf-v2-uploads-233851428734.us-central1.cloudfunctions.appspot.com","object":"86c78458-a549-4ff0-afde-fc5ab10dee66.zip"}}
[debug] [2026-02-09T06:28:30.388Z] >>> [apiv2][query] PUT https://storage.googleapis.com/gcf-v2-uploads-233851428734.us-central1.cloudfunctions.appspot.com/86c78458-a549-4ff0-afde-fc5ab10dee66.zip GoogleAccessId=service-233851428734%40gcf-admin-robot.iam.gserviceaccount.com&Expires=1770620310&Signature=u%2B5mQxkv9oML63HTyPZ2DaRSi2EvtalnuU%2Ft%2FwA%2Bl72LoUo4e7AH7nMEVepRWE%2BtelYVdGBFEPcoukXdzplZuTsRA%2FVVbnzepJmVSLM3hMuS9yAX87NM77dOpxPQtQ2RaJYlm2RPk0VK9M2NqmdPPnL4Wggz32zobD04X9PSoSb1z2PGnYB87M9Eu1TqYEbH9a7uObTDw3oA0hx0Fszy8GphqFtCRAB22oBnqSEKGlfE5RLfzuIQFsyNzr3CXXIGH6Xsuhd%2BPGL5JUdN3fEckoekBx3w6JRU4DxS73m5Ri0QF8MFEwFvCWI4y7BQCk2L66RSJUP07fGAOBirTRF%2BZg%3D%3D
[debug] [2026-02-09T06:28:30.388Z] >>> [apiv2][body] PUT https://storage.googleapis.com/gcf-v2-uploads-233851428734.us-central1.cloudfunctions.appspot.com/86c78458-a549-4ff0-afde-fc5ab10dee66.zip [stream]
[debug] [2026-02-09T06:28:30.621Z] <<< [apiv2][status] PUT https://storage.googleapis.com/gcf-v2-uploads-233851428734.us-central1.cloudfunctions.appspot.com/86c78458-a549-4ff0-afde-fc5ab10dee66.zip 200
[debug] [2026-02-09T06:28:30.621Z] <<< [apiv2][body] PUT https://storage.googleapis.com/gcf-v2-uploads-233851428734.us-central1.cloudfunctions.appspot.com/86c78458-a549-4ff0-afde-fc5ab10dee66.zip [omitted]
[info] +  functions: functions source uploaded successfully 
[info] i  functions: updating Node.js 24 (2nd Gen) function createCheckoutSession(us-central1)... 
[debug] [2026-02-09T06:28:30.624Z] Checked if tokens are valid: true, expires at: 1770621926509
[debug] [2026-02-09T06:28:30.624Z] Checked if tokens are valid: true, expires at: 1770621926509
[debug] [2026-02-09T06:28:30.625Z] >>> [apiv2][query] PATCH https://cloudfunctions.googleapis.com/v2/projects/simpletcf/locations/us-central1/functions/createCheckoutSession updateMask=name%2CbuildConfig.runtime%2CbuildConfig.entryPoint%2CbuildConfig.source.storageSource.bucket%2CbuildConfig.source.storageSource.object%2CbuildConfig.environmentVariables%2CbuildConfig.sourceToken%2CserviceConfig.environmentVariables%2CserviceConfig.secretEnvironmentVariables%2CserviceConfig.ingressSettings%2CserviceConfig.timeoutSeconds%2CserviceConfig.serviceAccountEmail%2CserviceConfig.availableMemory%2CserviceConfig.minInstanceCount%2CserviceConfig.maxInstanceCount%2CserviceConfig.maxInstanceRequestConcurrency%2CserviceConfig.availableCpu%2CserviceConfig.vpcConnector%2CserviceConfig.vpcConnectorEgressSettings%2Clabels
[debug] [2026-02-09T06:28:30.625Z] >>> [apiv2][body] PATCH https://cloudfunctions.googleapis.com/v2/projects/simpletcf/locations/us-central1/functions/createCheckoutSession {"name":"projects/simpletcf/locations/us-central1/functions/createCheckoutSession","buildConfig":{"runtime":"nodejs24","entryPoint":"createCheckoutSession","source":{"storageSource":{"bucket":"gcf-v2-uploads-233851428734.us-central1.cloudfunctions.appspot.com","object":"86c78458-a549-4ff0-afde-fc5ab10dee66.zip"}},"environmentVariables":{"GOOGLE_NODE_RUN_SCRIPTS":""}},"serviceConfig":{"environmentVariables":{"FIREBASE_CONFIG":"{\"projectId\":\"simpletcf\",\"storageBucket\":\"simpletcf.firebasestorage.app\"}","GCLOUD_PROJECT":"simpletcf","EVENTARC_CLOUD_EVENT_SOURCE":"projects/simpletcf/locations/us-central1/services/createCheckoutSession","FUNCTION_TARGET":"createCheckoutSession","LOG_EXECUTION_ID":"true"},"secretEnvironmentVariables":[{"key":"STRIPE_SECRET_KEY","secret":"STRIPE_SECRET_KEY","projectId":"simpletcf","version":"4"}],"ingressSettings":null,"timeoutSeconds":null,"serviceAccountEmail":null,"availableMemory":"256Mi","minInstanceCount":null,"maxInstanceCount":null,"maxInstanceRequestConcurrency":80,"availableCpu":"1","vpcConnector":null,"vpcConnectorEgressSettings":null},"labels":{"deployment-tool":"cli-firebase","firebase-functions-hash":"3fbebd299e5b0ce75736143a7e9844119cbd1a27"}}
[debug] [2026-02-09T06:28:31.658Z] <<< [apiv2][status] PATCH https://cloudfunctions.googleapis.com/v2/projects/simpletcf/locations/us-central1/functions/createCheckoutSession 200
[debug] [2026-02-09T06:28:31.658Z] <<< [apiv2][body] PATCH https://cloudfunctions.googleapis.com/v2/projects/simpletcf/locations/us-central1/functions/createCheckoutSession {"name":"projects/simpletcf/locations/us-central1/operations/operation-1770618511157-64a5e3f63e72e-3ba15c64-556a70c9","metadata":{"@type":"type.googleapis.com/google.cloud.functions.v2.OperationMetadata","createTime":"2026-02-09T06:28:31.918719724Z","target":"projects/simpletcf/locations/us-central1/functions/createCheckoutSession","verb":"update","cancelRequested":false,"apiVersion":"v2"},"done":false}
[debug] [2026-02-09T06:28:31.659Z] Checked if tokens are valid: true, expires at: 1770621926509
[debug] [2026-02-09T06:28:31.659Z] Checked if tokens are valid: true, expires at: 1770621926509
[debug] [2026-02-09T06:28:31.659Z] >>> [apiv2][query] GET https://cloudfunctions.googleapis.com/v2/projects/simpletcf/locations/us-central1/operations/operation-1770618511157-64a5e3f63e72e-3ba15c64-556a70c9 [none]
[debug] [2026-02-09T06:28:31.907Z] <<< [apiv2][status] GET https://cloudfunctions.googleapis.com/v2/projects/simpletcf/locations/us-central1/operations/operation-1770618511157-64a5e3f63e72e-3ba15c64-556a70c9 200
[debug] [2026-02-09T06:28:31.907Z] <<< [apiv2][body] GET https://cloudfunctions.googleapis.com/v2/projects/simpletcf/locations/us-central1/operations/operation-1770618511157-64a5e3f63e72e-3ba15c64-556a70c9 {"name":"projects/simpletcf/locations/us-central1/operations/operation-1770618511157-64a5e3f63e72e-3ba15c64-556a70c9","metadata":{"@type":"type.googleapis.com/google.cloud.functions.v2.OperationMetadata","createTime":"2026-02-09T06:28:31.918719724Z","target":"projects/simpletcf/locations/us-central1/functions/createCheckoutSession","verb":"update","cancelRequested":false,"apiVersion":"v2","requestResource":{"@type":"type.googleapis.com/google.cloud.functions.v2.Function","name":"projects/simpletcf/locations/us-central1/functions/createCheckoutSession","buildConfig":{"runtime":"nodejs24","entryPoint":"createCheckoutSession","source":{"storageSource":{"bucket":"gcf-v2-sources-233851428734-us-central1","object":"createCheckoutSession/function-source.zip","generation":"1770618511866043"}},"environmentVariables":{"GOOGLE_NODE_RUN_SCRIPTS":""},"dockerRepository":"projects/simpletcf/locations/us-central1/repositories/gcf-artifacts","sourceProvenance":{"resolvedStorageSource":{"bucket":"gcf-v2-sources-233851428734-us-central1","object":"createCheckoutSession/function-source.zip","generation":"1770618339405291"}},"dockerRegistry":"ARTIFACT_REGISTRY","serviceAccount":"projects/simpletcf/serviceAccounts/233851428734-compute@developer.gserviceaccount.com","automaticUpdatePolicy":{}},"serviceConfig":{"service":"projects/simpletcf/locations/us-central1/services/createcheckoutsession","timeoutSeconds":60,"environmentVariables":{"FIREBASE_CONFIG":"{\"projectId\":\"simpletcf\",\"storageBucket\":\"simpletcf.firebasestorage.app\"}","GCLOUD_PROJECT":"simpletcf","EVENTARC_CLOUD_EVENT_SOURCE":"projects/simpletcf/locations/us-central1/services/createCheckoutSession","FUNCTION_TARGET":"createCheckoutSession","LOG_EXECUTION_ID":"true"},"ingressSettings":"ALLOW_ALL","uri":"https://createcheckoutsession-ssv4vkml2q-uc.a.run.app","serviceAccountEmail":"233851428734-compute@developer.gserviceaccount.com","availableMemory":"256Mi","allTrafficOnLatestRevision":true,"secretEnvironmentVariables":[{"key":"STRIPE_SECRET_KEY","projectId":"simpletcf","secret":"STRIPE_SECRET_KEY","version":"4"}],"revision":"createcheckoutsession-00003-gof","maxInstanceRequestConcurrency":80,"availableCpu":"1"},"state":"ACTIVE","labels":{"deployment-tool":"cli-firebase","firebase-functions-hash":"3fbebd299e5b0ce75736143a7e9844119cbd1a27"},"environment":"GEN_2","url":"https://us-central1-simpletcf.cloudfunctions.net/createCheckoutSession","satisfiesPzi":true},"stages":[{"name":"BUILD","state":"NOT_STARTED"},{"name":"SERVICE","state":"NOT_STARTED"}],"operationType":"UPDATE_FUNCTION"},"done":false}
[debug] [2026-02-09T06:28:32.415Z] [update-default-us-central1-createCheckoutSession] Retrying task index 0
[debug] [2026-02-09T06:28:32.415Z] Checked if tokens are valid: true, expires at: 1770621926509
[debug] [2026-02-09T06:28:32.415Z] Checked if tokens are valid: true, expires at: 1770621926509
[debug] [2026-02-09T06:28:32.415Z] >>> [apiv2][query] GET https://cloudfunctions.googleapis.com/v2/projects/simpletcf/locations/us-central1/operations/operation-1770618511157-64a5e3f63e72e-3ba15c64-556a70c9 [none]
[debug] [2026-02-09T06:28:32.654Z] <<< [apiv2][status] GET https://cloudfunctions.googleapis.com/v2/projects/simpletcf/locations/us-central1/operations/operation-1770618511157-64a5e3f63e72e-3ba15c64-556a70c9 200
[debug] [2026-02-09T06:28:32.655Z] <<< [apiv2][body] GET https://cloudfunctions.googleapis.com/v2/projects/simpletcf/locations/us-central1/operations/operation-1770618511157-64a5e3f63e72e-3ba15c64-556a70c9 {"name":"projects/simpletcf/locations/us-central1/operations/operation-1770618511157-64a5e3f63e72e-3ba15c64-556a70c9","metadata":{"@type":"type.googleapis.com/google.cloud.functions.v2.OperationMetadata","createTime":"2026-02-09T06:28:31.918719724Z","target":"projects/simpletcf/locations/us-central1/functions/createCheckoutSession","verb":"update","cancelRequested":false,"apiVersion":"v2","requestResource":{"@type":"type.googleapis.com/google.cloud.functions.v2.Function","name":"projects/simpletcf/locations/us-central1/functions/createCheckoutSession","buildConfig":{"runtime":"nodejs24","entryPoint":"createCheckoutSession","source":{"storageSource":{"bucket":"gcf-v2-sources-233851428734-us-central1","object":"createCheckoutSession/function-source.zip","generation":"1770618511866043"}},"environmentVariables":{"GOOGLE_NODE_RUN_SCRIPTS":""},"dockerRepository":"projects/simpletcf/locations/us-central1/repositories/gcf-artifacts","sourceProvenance":{"resolvedStorageSource":{"bucket":"gcf-v2-sources-233851428734-us-central1","object":"createCheckoutSession/function-source.zip","generation":"1770618339405291"}},"dockerRegistry":"ARTIFACT_REGISTRY","serviceAccount":"projects/simpletcf/serviceAccounts/233851428734-compute@developer.gserviceaccount.com","automaticUpdatePolicy":{}},"serviceConfig":{"service":"projects/simpletcf/locations/us-central1/services/createcheckoutsession","timeoutSeconds":60,"environmentVariables":{"FIREBASE_CONFIG":"{\"projectId\":\"simpletcf\",\"storageBucket\":\"simpletcf.firebasestorage.app\"}","GCLOUD_PROJECT":"simpletcf","EVENTARC_CLOUD_EVENT_SOURCE":"projects/simpletcf/locations/us-central1/services/createCheckoutSession","FUNCTION_TARGET":"createCheckoutSession","LOG_EXECUTION_ID":"true"},"ingressSettings":"ALLOW_ALL","uri":"https://createcheckoutsession-ssv4vkml2q-uc.a.run.app","serviceAccountEmail":"233851428734-compute@developer.gserviceaccount.com","availableMemory":"256Mi","allTrafficOnLatestRevision":true,"secretEnvironmentVariables":[{"key":"STRIPE_SECRET_KEY","projectId":"simpletcf","secret":"STRIPE_SECRET_KEY","version":"4"}],"revision":"createcheckoutsession-00003-gof","maxInstanceRequestConcurrency":80,"availableCpu":"1"},"state":"ACTIVE","labels":{"deployment-tool":"cli-firebase","firebase-functions-hash":"3fbebd299e5b0ce75736143a7e9844119cbd1a27"},"environment":"GEN_2","url":"https://us-central1-simpletcf.cloudfunctions.net/createCheckoutSession","satisfiesPzi":true},"stages":[{"name":"BUILD","message":"Build in progress","state":"IN_PROGRESS","resource":"projects/233851428734/locations/us-central1/builds/c0b87cf2-d2e8-45a4-93e0-bfe069f0355f","resourceUri":"https://console.cloud.google.com/cloud-build/builds;region=us-central1/c0b87cf2-d2e8-45a4-93e0-bfe069f0355f?project=233851428734"},{"name":"SERVICE","state":"NOT_STARTED"}],"operationType":"UPDATE_FUNCTION","buildName":"projects/233851428734/locations/us-central1/builds/c0b87cf2-d2e8-45a4-93e0-bfe069f0355f"},"done":false}
[debug] [2026-02-09T06:28:33.657Z] [update-default-us-central1-createCheckoutSession] Retrying task index 0
[debug] [2026-02-09T06:28:33.657Z] Checked if tokens are valid: true, expires at: 1770621926509
[debug] [2026-02-09T06:28:33.657Z] Checked if tokens are valid: true, expires at: 1770621926509
[debug] [2026-02-09T06:28:33.657Z] >>> [apiv2][query] GET https://cloudfunctions.googleapis.com/v2/projects/simpletcf/locations/us-central1/operations/operation-1770618511157-64a5e3f63e72e-3ba15c64-556a70c9 [none]
[debug] [2026-02-09T06:28:33.947Z] <<< [apiv2][status] GET https://cloudfunctions.googleapis.com/v2/projects/simpletcf/locations/us-central1/operations/operation-1770618511157-64a5e3f63e72e-3ba15c64-556a70c9 200
[debug] [2026-02-09T06:28:33.947Z] <<< [apiv2][body] GET https://cloudfunctions.googleapis.com/v2/projects/simpletcf/locations/us-central1/operations/operation-1770618511157-64a5e3f63e72e-3ba15c64-556a70c9 {"name":"projects/simpletcf/locations/us-central1/operations/operation-1770618511157-64a5e3f63e72e-3ba15c64-556a70c9","metadata":{"@type":"type.googleapis.com/google.cloud.functions.v2.OperationMetadata","createTime":"2026-02-09T06:28:31.918719724Z","target":"projects/simpletcf/locations/us-central1/functions/createCheckoutSession","verb":"update","cancelRequested":false,"apiVersion":"v2","requestResource":{"@type":"type.googleapis.com/google.cloud.functions.v2.Function","name":"projects/simpletcf/locations/us-central1/functions/createCheckoutSession","buildConfig":{"runtime":"nodejs24","entryPoint":"createCheckoutSession","source":{"storageSource":{"bucket":"gcf-v2-sources-233851428734-us-central1","object":"createCheckoutSession/function-source.zip","generation":"1770618511866043"}},"environmentVariables":{"GOOGLE_NODE_RUN_SCRIPTS":""},"dockerRepository":"projects/simpletcf/locations/us-central1/repositories/gcf-artifacts","sourceProvenance":{"resolvedStorageSource":{"bucket":"gcf-v2-sources-233851428734-us-central1","object":"createCheckoutSession/function-source.zip","generation":"1770618339405291"}},"dockerRegistry":"ARTIFACT_REGISTRY","serviceAccount":"projects/simpletcf/serviceAccounts/233851428734-compute@developer.gserviceaccount.com","automaticUpdatePolicy":{}},"serviceConfig":{"service":"projects/simpletcf/locations/us-central1/services/createcheckoutsession","timeoutSeconds":60,"environmentVariables":{"FIREBASE_CONFIG":"{\"projectId\":\"simpletcf\",\"storageBucket\":\"simpletcf.firebasestorage.app\"}","GCLOUD_PROJECT":"simpletcf","EVENTARC_CLOUD_EVENT_SOURCE":"projects/simpletcf/locations/us-central1/services/createCheckoutSession","FUNCTION_TARGET":"createCheckoutSession","LOG_EXECUTION_ID":"true"},"ingressSettings":"ALLOW_ALL","uri":"https://createcheckoutsession-ssv4vkml2q-uc.a.run.app","serviceAccountEmail":"233851428734-compute@developer.gserviceaccount.com","availableMemory":"256Mi","allTrafficOnLatestRevision":true,"secretEnvironmentVariables":[{"key":"STRIPE_SECRET_KEY","projectId":"simpletcf","secret":"STRIPE_SECRET_KEY","version":"4"}],"revision":"createcheckoutsession-00003-gof","maxInstanceRequestConcurrency":80,"availableCpu":"1"},"state":"ACTIVE","labels":{"deployment-tool":"cli-firebase","firebase-functions-hash":"3fbebd299e5b0ce75736143a7e9844119cbd1a27"},"environment":"GEN_2","url":"https://us-central1-simpletcf.cloudfunctions.net/createCheckoutSession","satisfiesPzi":true},"stages":[{"name":"BUILD","message":"Build in progress","state":"IN_PROGRESS","resource":"projects/233851428734/locations/us-central1/builds/c0b87cf2-d2e8-45a4-93e0-bfe069f0355f","resourceUri":"https://console.cloud.google.com/cloud-build/builds;region=us-central1/c0b87cf2-d2e8-45a4-93e0-bfe069f0355f?project=233851428734"},{"name":"SERVICE","state":"NOT_STARTED"}],"operationType":"UPDATE_FUNCTION","buildName":"projects/233851428734/locations/us-central1/builds/c0b87cf2-d2e8-45a4-93e0-bfe069f0355f"},"done":false}
